<?xml version="1.0" encoding="UTF-8"?>
<!-- Generated by org.testng.reporters.JUnitReportReporter -->
<testsuite skipped="0" hostname="DESKTOP-G23FB35" name="sagarrep.sagarmaven.Extenntreport" tests="1" failures="0" timestamp="2023-02-13T21:20:26 IST" time="23.331" errors="0">
  <testcase name="initialDemo" time="23.331" classname="sagarrep.sagarmaven.Extenntreport"/>
  <system-out/>
</testsuite> <!-- sagarrep.sagarmaven.Extenntreport -->
