<?xml version="1.0" encoding="UTF-8"?>
<!-- Generated by org.testng.reporters.JUnitReportReporter -->
<testsuite hostname="DESKTOP-G23FB35" failures="0" tests="2" name="sagarrep.sagarmaven.apiTest" time="0.002" errors="0" timestamp="13 Feb 2023 15:36:01 GMT" skipped="0">
  <testcase classname="sagarrep.sagarmaven.apiTest" name="apiUi" time="0.001"/>
  <testcase classname="sagarrep.sagarmaven.apiTest" name="apiweb" time="0.001"/>
</testsuite> <!-- sagarrep.sagarmaven.apiTest -->
