<?xml version="1.0" encoding="UTF-8"?>
<!-- Generated by org.testng.reporters.JUnitReportReporter -->
<testsuite hostname="DESKTOP-G23FB35" failures="0" tests="2" name="sagarrep.sagarmaven.seleniumTest" time="8.189" errors="0" timestamp="13 Feb 2023 15:36:01 GMT" skipped="0">
  <testcase classname="sagarrep.sagarmaven.seleniumTest" name="brower" time="8.188"/>
  <testcase classname="sagarrep.sagarmaven.seleniumTest" name="webui" time="0.001"/>
</testsuite> <!-- sagarrep.sagarmaven.seleniumTest -->
