<?xml version="1.0" encoding="UTF-8"?>
<!-- Generated by org.testng.reporters.JUnitReportReporter -->
<testsuite hostname="DESKTOP-G23FB35" failures="0" tests="2" name="sagarrep.sagarmaven.appiumTest" time="0.011" errors="0" timestamp="13 Feb 2023 15:36:01 GMT" skipped="0">
  <testcase classname="sagarrep.sagarmaven.appiumTest" name="browserapi" time="0.001"/>
  <testcase classname="sagarrep.sagarmaven.appiumTest" name="apiui" time="0.010"/>
</testsuite> <!-- sagarrep.sagarmaven.appiumTest -->
